<?xml version="1.0" encoding="UTF-8"?>
<!-- Generated by org.testng.reporters.JUnitReportReporter -->
<testsuite hostname="Sayan" failures="0" tests="1" name="com.testbot.testcases.OpenAccountTest" time="4.258" errors="0" timestamp="02 Aug 2024 13:54:29 GMT" skipped="0">
  <testcase classname="com.testbot.testcases.OpenAccountTest" name="openAccount" time="4.258"/>
</testsuite> <!-- com.testbot.testcases.OpenAccountTest -->
