<?xml version="1.0" encoding="UTF-8"?>
<!-- Generated by org.testng.reporters.JUnitReportReporter -->
<testsuite hostname="Sayan" failures="0" tests="1" name="com.testbot.testcases.BankManagerLoginTest" time="0.290" errors="0" timestamp="11 Jun 2024 13:37:10 GMT" skipped="0">
  <testcase classname="com.testbot.testcases.BankManagerLoginTest" name="LoginAsManager" time="0.290"/>
</testsuite> <!-- com.testbot.testcases.BankManagerLoginTest -->
