<?xml version="1.0" encoding="UTF-8"?>
<!-- Generated by org.testng.reporters.JUnitReportReporter -->
<testsuite hostname="Sayan" failures="0" tests="1" name="com.testbot.testcases.AddCustomerTest" time="0.773" errors="0" timestamp="14 Jun 2024 10:24:50 GMT" skipped="0">
  <testcase classname="com.testbot.testcases.AddCustomerTest" name="addCustomer" time="0.773"/>
</testsuite> <!-- com.testbot.testcases.AddCustomerTest -->
