<?xml version="1.0" encoding="UTF-8"?>
<!-- Generated by org.testng.reporters.JUnitReportReporter -->
<testsuite hostname="Sayan" failures="0" tests="4" name="com.testbot.testcases.AddCustomerTest" time="26.517" errors="0" timestamp="02 Aug 2024 13:54:29 GMT" skipped="0">
  <testcase classname="com.testbot.testcases.AddCustomerTest" name="addCustomer" time="6.501"/>
  <testcase classname="com.testbot.testcases.AddCustomerTest" name="addCustomer" time="6.571"/>
  <testcase classname="com.testbot.testcases.AddCustomerTest" name="addCustomer" time="6.941"/>
  <testcase classname="com.testbot.testcases.AddCustomerTest" name="addCustomer" time="6.504"/>
</testsuite> <!-- com.testbot.testcases.AddCustomerTest -->
