<?xml version="1.0" encoding="UTF-8"?>
<!-- Generated by org.testng.reporters.JUnitReportReporter -->
<testsuite hostname="Sayan" failures="0" tests="1" name="com.testbot.testcases.BankManagerLoginTest" time="2.382" errors="0" timestamp="02 Aug 2024 13:54:29 GMT" skipped="0">
  <testcase classname="com.testbot.testcases.BankManagerLoginTest" name="LoginAsManager" time="2.382"/>
</testsuite> <!-- com.testbot.testcases.BankManagerLoginTest -->
